2022-07-22 13:30:35.873  INFO 9932 --- [main] com.sahoo.HotelServiceApplication        : Starting HotelServiceApplication using Java 1.8.0_333 on DESKTOP-MHKPPFV with PID 9932 (D:\Java_program\MicroService\Office_assignment1\Hotel-Service\Hotel-Service\target\classes started by Gajendra in D:\Java_program\MicroService\Office_assignment1\Hotel-Service\Hotel-Service)
2022-07-22 13:30:35.875  INFO 9932 --- [main] com.sahoo.HotelServiceApplication        : No active profile set, falling back to 1 default profile: "default"
2022-07-22 13:30:36.576  INFO 9932 --- [main] .s.d.r.c.RepositoryConfigurationDelegate : Bootstrapping Spring Data JPA repositories in DEFAULT mode.
2022-07-22 13:30:36.615  INFO 9932 --- [main] .s.d.r.c.RepositoryConfigurationDelegate : Finished Spring Data repository scanning in 31 ms. Found 1 JPA repository interfaces.
2022-07-22 13:30:37.114  INFO 9932 --- [main] o.s.b.w.embedded.tomcat.TomcatWebServer  : Tomcat initialized with port(s): 8081 (http)
2022-07-22 13:30:37.121  INFO 9932 --- [main] o.apache.catalina.core.StandardService   : Starting service [Tomcat]
2022-07-22 13:30:37.121  INFO 9932 --- [main] org.apache.catalina.core.StandardEngine  : Starting Servlet engine: [Apache Tomcat/9.0.64]
2022-07-22 13:30:37.425  INFO 9932 --- [main] o.a.c.c.C.[Tomcat].[localhost].[/]       : Initializing Spring embedded WebApplicationContext
2022-07-22 13:30:37.425  INFO 9932 --- [main] w.s.c.ServletWebServerApplicationContext : Root WebApplicationContext: initialization completed in 1503 ms
2022-07-22 13:30:37.525  INFO 9932 --- [main] com.zaxxer.hikari.HikariDataSource       : HikariPool-1 - Starting...
2022-07-22 13:30:37.617  INFO 9932 --- [main] com.zaxxer.hikari.HikariDataSource       : HikariPool-1 - Start completed.
2022-07-22 13:30:37.728  INFO 9932 --- [main] o.hibernate.jpa.internal.util.LogHelper  : HHH000204: Processing PersistenceUnitInfo [name: default]
2022-07-22 13:30:37.760  INFO 9932 --- [main] org.hibernate.Version                    : HHH000412: Hibernate ORM core version 5.6.9.Final
2022-07-22 13:30:37.853  INFO 9932 --- [main] o.hibernate.annotations.common.Version   : HCANN000001: Hibernate Commons Annotations {5.1.2.Final}
2022-07-22 13:30:37.932  INFO 9932 --- [main] org.hibernate.dialect.Dialect            : HHH000400: Using dialect: org.hibernate.dialect.H2Dialect
2022-07-22 13:30:38.296  INFO 9932 --- [main] o.h.e.t.j.p.i.JtaPlatformInitiator       : HHH000490: Using JtaPlatform implementation: [org.hibernate.engine.transaction.jta.platform.internal.NoJtaPlatform]
2022-07-22 13:30:38.303  INFO 9932 --- [main] j.LocalContainerEntityManagerFactoryBean : Initialized JPA EntityManagerFactory for persistence unit 'default'
2022-07-22 13:30:38.666  WARN 9932 --- [main] JpaBaseConfiguration$JpaWebConfiguration : spring.jpa.open-in-view is enabled by default. Therefore, database queries may be performed during view rendering. Explicitly configure spring.jpa.open-in-view to disable this warning
2022-07-22 13:30:39.016  INFO 9932 --- [main] o.s.b.w.embedded.tomcat.TomcatWebServer  : Tomcat started on port(s): 8081 (http) with context path ''
2022-07-22 13:30:39.220  INFO 9932 --- [main] com.sahoo.HotelServiceApplication        : Started HotelServiceApplication in 3.714 seconds (JVM running for 4.653)
2022-07-22 13:30:48.520  INFO 9932 --- [http-nio-8081-exec-3] o.a.c.c.C.[Tomcat].[localhost].[/]       : Initializing Spring DispatcherServlet 'dispatcherServlet'
2022-07-22 13:30:48.520  INFO 9932 --- [http-nio-8081-exec-3] o.s.web.servlet.DispatcherServlet        : Initializing Servlet 'dispatcherServlet'
2022-07-22 13:30:48.522  INFO 9932 --- [http-nio-8081-exec-3] o.s.web.servlet.DispatcherServlet        : Completed initialization in 0 ms
2022-07-22 13:31:51.781  INFO 9932 --- [RMI TCP Connection(2)-127.0.0.1] inMXBeanRegistrar$SpringApplicationAdmin : Application shutdown requested.
2022-07-22 13:31:51.941  INFO 9932 --- [RMI TCP Connection(2)-127.0.0.1] j.LocalContainerEntityManagerFactoryBean : Closing JPA EntityManagerFactory for persistence unit 'default'
2022-07-22 13:31:51.942  INFO 9932 --- [RMI TCP Connection(2)-127.0.0.1] .SchemaDropperImpl$DelayedDropActionImpl : HHH000477: Starting delayed evictData of schema as part of SessionFactory shut-down'
2022-07-22 13:31:51.947  INFO 9932 --- [RMI TCP Connection(2)-127.0.0.1] com.zaxxer.hikari.HikariDataSource       : HikariPool-1 - Shutdown initiated...
2022-07-22 13:31:51.948  INFO 9932 --- [RMI TCP Connection(2)-127.0.0.1] com.zaxxer.hikari.HikariDataSource       : HikariPool-1 - Shutdown completed.
